2020-11-24 00:21:30,018 ERROR 10268 nodejs.ClusterClientNoResponseError: client no response in 159896ms exceeding maxIdleTime 60000ms, maybe the connection is close on other side.
    at Timeout._onTimeout (D:\energy-platform-project\energy-platform-server\node_modules\cluster-client\lib\leader.js:77:23)
    at listOnTimeout (internal/timers.js:549:17)
    at processTimers (internal/timers.js:492:7)
name: "ClusterClientNoResponseError"
pid: 10268
hostname: J9MO9BU01VTBF92

2020-11-24 00:26:29,866 ERROR 10268 nodejs.ClusterClientNoResponseError: client no response in 159839ms exceeding maxIdleTime 60000ms, maybe the connection is close on other side.
    at Timeout._onTimeout (D:\energy-platform-project\energy-platform-server\node_modules\cluster-client\lib\leader.js:77:23)
    at listOnTimeout (internal/timers.js:549:17)
    at processTimers (internal/timers.js:492:7)
name: "ClusterClientNoResponseError"
pid: 10268
hostname: J9MO9BU01VTBF92

2020-11-24 03:34:29,930 ERROR 10268 nodejs.ClusterClientNoResponseError: client no response in 10800035ms exceeding maxIdleTime 60000ms, maybe the connection is close on other side.
    at Timeout._onTimeout (D:\energy-platform-project\energy-platform-server\node_modules\cluster-client\lib\leader.js:77:23)
    at listOnTimeout (internal/timers.js:549:17)
    at processTimers (internal/timers.js:492:7)
name: "ClusterClientNoResponseError"
pid: 10268
hostname: J9MO9BU01VTBF92

2020-11-24 08:53:28,551 ERROR 10268 nodejs.ClusterClientNoResponseError: client no response in 19137721ms exceeding maxIdleTime 60000ms, maybe the connection is close on other side.
    at Timeout._onTimeout (D:\energy-platform-project\energy-platform-server\node_modules\cluster-client\lib\leader.js:77:23)
    at listOnTimeout (internal/timers.js:549:17)
    at processTimers (internal/timers.js:492:7)
name: "ClusterClientNoResponseError"
pid: 10268
hostname: J9MO9BU01VTBF92

