2020-11-24 00:16:30,132 INFO 17864 [egg-logrotator] app logger reload: got log-reload message
2020-11-24 00:21:30,019 WARN 17864 [TCPBase] socket is closed by other side while there were still unhandled data in the socket buffer
2020-11-24 00:21:30,020 WARN 17864 [ClusterClient:Watcher] follower closed, and try to init it again
2020-11-24 00:26:29,866 WARN 17864 [ClusterClient:Watcher] follower closed, and try to init it again
2020-11-24 03:34:29,933 WARN 17864 [ClusterClient:Watcher] follower closed, and try to init it again
2020-11-24 08:53:27,693 WARN 17864 [ClusterClient:Watcher] follower closed, and try to init it again
2020-11-24 08:53:28,654 INFO 17864 [-/127.0.0.1/-/4ms SCHEDULE /__schedule?path=D:\energy-platform-project\energy-platform-server\node_modules\egg-multipart\app\schedule\clean_tmpdir.js&type=worker&cron=0%2030%204%20*%20*%20*&immediate=false] [egg-multipart:CleanTmpdir] start clean tmpdir: "C:\\Users\\ADMINI~1\\AppData\\Local\\Temp\\egg-multipart-tmp\\eggserver"
2020-11-24 08:53:28,662 INFO 17864 [-/127.0.0.1/-/13ms SCHEDULE /__schedule?path=D:\energy-platform-project\energy-platform-server\node_modules\egg-multipart\app\schedule\clean_tmpdir.js&type=worker&cron=0%2030%204%20*%20*%20*&immediate=false] [egg-multipart:CleanTmpdir] end
2020-12-15 13:53:35,402 INFO 14592 [egg:logger] init all loggers with options: {"dir":"D:\\energy-platform-project\\energy-platform-server\\logs\\eggserver","encoding":"utf8","env":"local","level":"INFO","consoleLevel":"INFO","disableConsoleAfterReady":false,"outputJSON":false,"buffer":true,"appLogName":"eggserver-web.log","coreLogName":"egg-web.log","agentLogName":"egg-agent.log","errorLogName":"common-error.log","coreLogger":{"consoleLevel":"WARN"},"allowDebugAtProd":false,"type":"application"}
2020-12-15 13:53:35,437 INFO 14592 [egg-multipart] stream mode enable
2020-12-15 13:53:35,437 INFO 14592 [egg-mysql] connecting root@localhost:3306/energy-platform
2020-12-15 13:53:35,665 INFO 14592 [egg-static] starting static serve /public/ -> D:\energy-platform-project\energy-platform-server\app\public
2020-12-15 13:53:35,668 INFO 14592 [egg-security] use methodnoallow middleware
2020-12-15 13:53:35,669 INFO 14592 [egg-security] use noopen middleware
2020-12-15 13:53:35,669 INFO 14592 [egg-security] use nosniff middleware
2020-12-15 13:53:35,670 INFO 14592 [egg-security] use xssProtection middleware
2020-12-15 13:53:35,671 INFO 14592 [egg-security] use xframe middleware
2020-12-15 13:53:35,671 INFO 14592 [egg-security] use dta middleware
2020-12-15 13:53:35,671 INFO 14592 [egg-security] compose 6 middlewares into one security middleware
2020-12-15 13:53:35,718 INFO 14592 [egg:core] dump config after load, 5ms
2020-12-15 13:53:35,739 INFO 14592 [egg-watcher:application] watcher start success
2020-12-15 13:53:35,766 INFO 14592 [egg-mysql] instance[0] status OK, rds currentTime: Tue Dec 15 2020 13:53:35 GMT+0800 (GMT+08:00)
2020-12-15 13:53:35,784 INFO 14592 [egg:core] dump config after ready, 15ms
