2020-09-24 04:57:59,318 INFO 4724 [Timer] D:\energy-platform-project\energy-platform-server\node_modules\egg-multipart\app\schedule\clean_tmpdir.js next time will execute after 84720688ms at 2020-09-25 04:30:00.006
2020-09-24 04:57:59,469 INFO 17272 [Job#16008946793102470835521976003] D:\energy-platform-project\energy-platform-server\node_modules\egg-multipart\app\schedule\clean_tmpdir.js executing by app
2020-09-24 04:57:59,697 INFO 17272 [Job#16008946793102470835521976003] D:\energy-platform-project\energy-platform-server\node_modules\egg-multipart\app\schedule\clean_tmpdir.js execute succeed, used 227ms
2020-09-24 19:24:47,042 INFO 3980 [egg-schedule]: register schedule D:\energy-platform-project\energy-platform-server\node_modules\egg-multipart\app\schedule\clean_tmpdir.js
2020-09-24 19:24:47,042 INFO 3980 [egg-schedule]: register schedule D:\energy-platform-project\energy-platform-server\node_modules\egg-logrotator\app\schedule\clean_log.js
2020-09-24 19:24:47,042 INFO 3980 [egg-schedule]: register schedule D:\energy-platform-project\energy-platform-server\node_modules\egg-logrotator\app\schedule\rotate_by_file.js
2020-09-24 19:24:52,633 INFO 15900 [egg-schedule]: register schedule D:\energy-platform-project\energy-platform-server\node_modules\egg-multipart\app\schedule\clean_tmpdir.js
2020-09-24 19:24:52,633 INFO 15900 [egg-schedule]: register schedule D:\energy-platform-project\energy-platform-server\node_modules\egg-logrotator\app\schedule\clean_log.js
2020-09-24 19:24:52,633 INFO 15900 [egg-schedule]: register schedule D:\energy-platform-project\energy-platform-server\node_modules\egg-logrotator\app\schedule\rotate_by_file.js
2020-09-24 19:27:55,419 INFO 1324 [egg-schedule]: register schedule D:\energy-platform-project\energy-platform-server\node_modules\egg-multipart\app\schedule\clean_tmpdir.js
2020-09-24 19:27:55,419 INFO 1324 [egg-schedule]: register schedule D:\energy-platform-project\energy-platform-server\node_modules\egg-logrotator\app\schedule\clean_log.js
2020-09-24 19:27:55,419 INFO 1324 [egg-schedule]: register schedule D:\energy-platform-project\energy-platform-server\node_modules\egg-logrotator\app\schedule\rotate_by_file.js
2020-09-25 09:58:09,789 INFO 14804 [egg-schedule]: register schedule D:\energy-platform-project\energy-platform-server\node_modules\egg-multipart\app\schedule\clean_tmpdir.js
2020-09-25 09:58:09,789 INFO 14804 [egg-schedule]: register schedule D:\energy-platform-project\energy-platform-server\node_modules\egg-logrotator\app\schedule\clean_log.js
2020-09-25 09:58:09,789 INFO 14804 [egg-schedule]: register schedule D:\energy-platform-project\energy-platform-server\node_modules\egg-logrotator\app\schedule\rotate_by_file.js
2020-09-25 09:58:10,872 INFO 18664 [Timer] D:\energy-platform-project\energy-platform-server\node_modules\egg-multipart\app\schedule\clean_tmpdir.js next time will execute after 66709134ms at 2020-09-26 04:30:00.006
2020-09-25 09:58:10,873 INFO 18664 [Timer] D:\energy-platform-project\energy-platform-server\node_modules\egg-logrotator\app\schedule\clean_log.js next time will execute after 50509127ms at 2020-09-26 00:00:00.000
2020-09-25 09:58:10,874 INFO 18664 [Timer] D:\energy-platform-project\energy-platform-server\node_modules\egg-logrotator\app\schedule\rotate_by_file.js next time will execute after 50510127ms at 2020-09-26 00:00:01.001
2020-09-25 09:58:11,282 INFO 9880 [egg-schedule]: register schedule D:\energy-platform-project\energy-platform-server\node_modules\egg-multipart\app\schedule\clean_tmpdir.js
2020-09-25 09:58:11,282 INFO 9880 [egg-schedule]: register schedule D:\energy-platform-project\energy-platform-server\node_modules\egg-logrotator\app\schedule\clean_log.js
2020-09-25 09:58:11,282 INFO 9880 [egg-schedule]: register schedule D:\energy-platform-project\energy-platform-server\node_modules\egg-logrotator\app\schedule\rotate_by_file.js
2020-09-25 09:58:12,725 INFO 8808 [egg-schedule]: register schedule D:\energy-platform-project\energy-platform-server\node_modules\egg-multipart\app\schedule\clean_tmpdir.js
2020-09-25 09:58:12,725 INFO 8808 [egg-schedule]: register schedule D:\energy-platform-project\energy-platform-server\node_modules\egg-logrotator\app\schedule\clean_log.js
2020-09-25 09:58:12,725 INFO 8808 [egg-schedule]: register schedule D:\energy-platform-project\energy-platform-server\node_modules\egg-logrotator\app\schedule\rotate_by_file.js
2020-09-25 11:58:30,743 INFO 17764 [egg-schedule]: register schedule D:\energy-platform-project\energy-platform-server\node_modules\egg-multipart\app\schedule\clean_tmpdir.js
2020-09-25 11:58:30,743 INFO 17764 [egg-schedule]: register schedule D:\energy-platform-project\energy-platform-server\node_modules\egg-logrotator\app\schedule\clean_log.js
2020-09-25 11:58:30,743 INFO 17764 [egg-schedule]: register schedule D:\energy-platform-project\energy-platform-server\node_modules\egg-logrotator\app\schedule\rotate_by_file.js
2020-09-25 11:58:34,852 INFO 13252 [egg-schedule]: register schedule D:\energy-platform-project\energy-platform-server\node_modules\egg-multipart\app\schedule\clean_tmpdir.js
2020-09-25 11:58:34,852 INFO 13252 [egg-schedule]: register schedule D:\energy-platform-project\energy-platform-server\node_modules\egg-logrotator\app\schedule\clean_log.js
2020-09-25 11:58:34,852 INFO 13252 [egg-schedule]: register schedule D:\energy-platform-project\energy-platform-server\node_modules\egg-logrotator\app\schedule\rotate_by_file.js
