2021-01-29 09:31:35,751 ERROR 9764 [-/127.0.0.1/-/124ms POST /role/maintainPermission] nodejs.ReferenceError: result is not defined
    at RoleService.maintainPermission (C:\Users\Administrator\Desktop\demo_server\app\service\role.js:46:9)
    at processTicksAndRejections (internal/process/task_queues.js:97:5)
    at async RoleController.maintainPermission (C:\Users\Administrator\Desktop\demo_server\app\controller\role.js:70:36)
    at async errorHandler (C:\Users\Administrator\Desktop\demo_server\app\middleware\error_handler.js:4:9)
    at async params (C:\Users\Administrator\Desktop\demo_server\app\middleware\params.js:7:7)
    at async C:\Users\Administrator\Desktop\demo_server\node_modules\egg-development\app\middleware\egg_loader_trace.js:9:50
    at async xframe (C:\Users\Administrator\Desktop\demo_server\node_modules\egg-security\lib\middlewares\xframe.js:7:5)
    at async xssProtection (C:\Users\Administrator\Desktop\demo_server\node_modules\egg-security\lib\middlewares\xssProtection.js:7:5)
    at async nosniff (C:\Users\Administrator\Desktop\demo_server\node_modules\egg-security\lib\middlewares\nosniff.js:8:5)
    at async noopen (C:\Users\Administrator\Desktop\demo_server\node_modules\egg-security\lib\middlewares\noopen.js:8:5)

pid: 9764
hostname: J9MO9BU01VTBF92

2021-01-29 10:03:17,444 ERROR 8292 [-/127.0.0.1/-/16ms POST /role/listRole] nodejs.ReferenceError: maintainPermission is not defined
    at RoleController.listRole (C:\Users\Administrator\Desktop\demo_server\app\controller\role.js:86:9)
    at processTicksAndRejections (internal/process/task_queues.js:97:5)
    at async errorHandler (C:\Users\Administrator\Desktop\demo_server\app\middleware\error_handler.js:4:9)
    at async params (C:\Users\Administrator\Desktop\demo_server\app\middleware\params.js:7:7)
    at async C:\Users\Administrator\Desktop\demo_server\node_modules\egg-development\app\middleware\egg_loader_trace.js:9:50
    at async xframe (C:\Users\Administrator\Desktop\demo_server\node_modules\egg-security\lib\middlewares\xframe.js:7:5)
    at async xssProtection (C:\Users\Administrator\Desktop\demo_server\node_modules\egg-security\lib\middlewares\xssProtection.js:7:5)
    at async nosniff (C:\Users\Administrator\Desktop\demo_server\node_modules\egg-security\lib\middlewares\nosniff.js:8:5)
    at async noopen (C:\Users\Administrator\Desktop\demo_server\node_modules\egg-security\lib\middlewares\noopen.js:8:5)
    at async session (C:\Users\Administrator\Desktop\demo_server\node_modules\koa-session\index.js:41:7)

pid: 8292
hostname: J9MO9BU01VTBF92

2021-01-29 10:18:48,254 ERROR 7572 [-/127.0.0.1/-/75ms POST /role/listRole] nodejs.ER_PARSE_ERRORError: ER_PARSE_ERROR: You have an error in your SQL syntax; check the manual that corresponds to your MySQL server version for the right syntax to use near 'ORDER BY id DESC LIMIT 0,10' at line 1
    at Query.Sequence._packetToError (C:\Users\Administrator\Desktop\demo_server\node_modules\mysql\lib\protocol\sequences\Sequence.js:47:14)
    at Query.ErrorPacket (C:\Users\Administrator\Desktop\demo_server\node_modules\mysql\lib\protocol\sequences\Query.js:79:18)
    at Protocol._parsePacket (C:\Users\Administrator\Desktop\demo_server\node_modules\mysql\lib\protocol\Protocol.js:291:23)
    at Parser._parsePacket (C:\Users\Administrator\Desktop\demo_server\node_modules\mysql\lib\protocol\Parser.js:433:10)
    at Parser.write (C:\Users\Administrator\Desktop\demo_server\node_modules\mysql\lib\protocol\Parser.js:43:10)
    at Protocol.write (C:\Users\Administrator\Desktop\demo_server\node_modules\mysql\lib\protocol\Protocol.js:38:16)
    at Socket.<anonymous> (C:\Users\Administrator\Desktop\demo_server\node_modules\mysql\lib\Connection.js:88:28)
    at Socket.<anonymous> (C:\Users\Administrator\Desktop\demo_server\node_modules\mysql\lib\Connection.js:526:10)
    at Socket.emit (events.js:310:20)
    at addChunk (_stream_readable.js:286:12)
    --------------------
    at Pool.query (C:\Users\Administrator\Desktop\demo_server\node_modules\mysql\lib\Pool.js:199:23)
    at C:\Users\Administrator\Desktop\demo_server\node_modules\ali-rds\node_modules\pify\index.js:29:7
    at new Promise (<anonymous>)
    at Pool.<anonymous> (C:\Users\Administrator\Desktop\demo_server\node_modules\ali-rds\node_modules\pify\index.js:12:10)
    at Pool.ret [as query] (C:\Users\Administrator\Desktop\demo_server\node_modules\ali-rds\node_modules\pify\index.js:56:34)
    at RDSClient.proto._query (C:\Users\Administrator\Desktop\demo_server\node_modules\ali-rds\lib\client.js:38:20)
    at RDSClient.proto.query (C:\Users\Administrator\Desktop\demo_server\node_modules\ali-rds\lib\operator.js:54:29)
    at proto.query.next (<anonymous>)
    at onFulfilled (C:\Users\Administrator\Desktop\demo_server\node_modules\co\index.js:65:19)
    at C:\Users\Administrator\Desktop\demo_server\node_modules\co\index.js:54:5
    sql: SELECT content  FROM role WHERE ORDER BY id DESC LIMIT 0,10
code: "ER_PARSE_ERROR"
errno: 1064
sqlMessage: "You have an error in your SQL syntax; check the manual that corresponds to your MySQL server version for the right syntax to use near 'ORDER BY id DESC LIMIT 0,10' at line 1"
sqlState: "42000"
index: 0
sql: "SELECT content  FROM role WHERE ORDER BY id DESC LIMIT 0,10"
name: "ER_PARSE_ERRORError"
pid: 7572
hostname: J9MO9BU01VTBF92

2021-01-29 10:19:11,603 ERROR 7572 [-/127.0.0.1/-/6ms POST /role/listRole] nodejs.ER_PARSE_ERRORError: ER_PARSE_ERROR: You have an error in your SQL syntax; check the manual that corresponds to your MySQL server version for the right syntax to use near 'ORDER BY id DESC LIMIT 0,10' at line 1
    at Query.Sequence._packetToError (C:\Users\Administrator\Desktop\demo_server\node_modules\mysql\lib\protocol\sequences\Sequence.js:47:14)
    at Query.ErrorPacket (C:\Users\Administrator\Desktop\demo_server\node_modules\mysql\lib\protocol\sequences\Query.js:79:18)
    at Protocol._parsePacket (C:\Users\Administrator\Desktop\demo_server\node_modules\mysql\lib\protocol\Protocol.js:291:23)
    at Parser._parsePacket (C:\Users\Administrator\Desktop\demo_server\node_modules\mysql\lib\protocol\Parser.js:433:10)
    at Parser.write (C:\Users\Administrator\Desktop\demo_server\node_modules\mysql\lib\protocol\Parser.js:43:10)
    at Protocol.write (C:\Users\Administrator\Desktop\demo_server\node_modules\mysql\lib\protocol\Protocol.js:38:16)
    at Socket.<anonymous> (C:\Users\Administrator\Desktop\demo_server\node_modules\mysql\lib\Connection.js:88:28)
    at Socket.<anonymous> (C:\Users\Administrator\Desktop\demo_server\node_modules\mysql\lib\Connection.js:526:10)
    at Socket.emit (events.js:310:20)
    at addChunk (_stream_readable.js:286:12)
    --------------------
    at Pool.query (C:\Users\Administrator\Desktop\demo_server\node_modules\mysql\lib\Pool.js:199:23)
    at C:\Users\Administrator\Desktop\demo_server\node_modules\ali-rds\node_modules\pify\index.js:29:7
    at new Promise (<anonymous>)
    at Pool.<anonymous> (C:\Users\Administrator\Desktop\demo_server\node_modules\ali-rds\node_modules\pify\index.js:12:10)
    at Pool.ret [as query] (C:\Users\Administrator\Desktop\demo_server\node_modules\ali-rds\node_modules\pify\index.js:56:34)
    at RDSClient.proto._query (C:\Users\Administrator\Desktop\demo_server\node_modules\ali-rds\lib\client.js:38:20)
    at RDSClient.proto.query (C:\Users\Administrator\Desktop\demo_server\node_modules\ali-rds\lib\operator.js:54:29)
    at proto.query.next (<anonymous>)
    at onFulfilled (C:\Users\Administrator\Desktop\demo_server\node_modules\co\index.js:65:19)
    at C:\Users\Administrator\Desktop\demo_server\node_modules\co\index.js:54:5
    sql: SELECT content  FROM role WHERE ORDER BY id DESC LIMIT 0,10
code: "ER_PARSE_ERROR"
errno: 1064
sqlMessage: "You have an error in your SQL syntax; check the manual that corresponds to your MySQL server version for the right syntax to use near 'ORDER BY id DESC LIMIT 0,10' at line 1"
sqlState: "42000"
index: 0
sql: "SELECT content  FROM role WHERE ORDER BY id DESC LIMIT 0,10"
name: "ER_PARSE_ERRORError"
pid: 7572
hostname: J9MO9BU01VTBF92

2021-01-29 10:19:31,710 ERROR 22500 [-/127.0.0.1/-/19ms POST /role/listRole] nodejs.ER_PARSE_ERRORError: ER_PARSE_ERROR: You have an error in your SQL syntax; check the manual that corresponds to your MySQL server version for the right syntax to use near 'ORDER BY id DESC LIMIT 0,10' at line 1
    at Query.Sequence._packetToError (C:\Users\Administrator\Desktop\demo_server\node_modules\mysql\lib\protocol\sequences\Sequence.js:47:14)
    at Query.ErrorPacket (C:\Users\Administrator\Desktop\demo_server\node_modules\mysql\lib\protocol\sequences\Query.js:79:18)
    at Protocol._parsePacket (C:\Users\Administrator\Desktop\demo_server\node_modules\mysql\lib\protocol\Protocol.js:291:23)
    at Parser._parsePacket (C:\Users\Administrator\Desktop\demo_server\node_modules\mysql\lib\protocol\Parser.js:433:10)
    at Parser.write (C:\Users\Administrator\Desktop\demo_server\node_modules\mysql\lib\protocol\Parser.js:43:10)
    at Protocol.write (C:\Users\Administrator\Desktop\demo_server\node_modules\mysql\lib\protocol\Protocol.js:38:16)
    at Socket.<anonymous> (C:\Users\Administrator\Desktop\demo_server\node_modules\mysql\lib\Connection.js:88:28)
    at Socket.<anonymous> (C:\Users\Administrator\Desktop\demo_server\node_modules\mysql\lib\Connection.js:526:10)
    at Socket.emit (events.js:310:20)
    at addChunk (_stream_readable.js:286:12)
    --------------------
    at Pool.query (C:\Users\Administrator\Desktop\demo_server\node_modules\mysql\lib\Pool.js:199:23)
    at C:\Users\Administrator\Desktop\demo_server\node_modules\ali-rds\node_modules\pify\index.js:29:7
    at new Promise (<anonymous>)
    at Pool.<anonymous> (C:\Users\Administrator\Desktop\demo_server\node_modules\ali-rds\node_modules\pify\index.js:12:10)
    at Pool.ret [as query] (C:\Users\Administrator\Desktop\demo_server\node_modules\ali-rds\node_modules\pify\index.js:56:34)
    at RDSClient.proto._query (C:\Users\Administrator\Desktop\demo_server\node_modules\ali-rds\lib\client.js:38:20)
    at RDSClient.proto.query (C:\Users\Administrator\Desktop\demo_server\node_modules\ali-rds\lib\operator.js:54:29)
    at proto.query.next (<anonymous>)
    at onFulfilled (C:\Users\Administrator\Desktop\demo_server\node_modules\co\index.js:65:19)
    at C:\Users\Administrator\Desktop\demo_server\node_modules\co\index.js:54:5
    sql: SELECT * FROM role WHERE ORDER BY id DESC LIMIT 0,10
code: "ER_PARSE_ERROR"
errno: 1064
sqlMessage: "You have an error in your SQL syntax; check the manual that corresponds to your MySQL server version for the right syntax to use near 'ORDER BY id DESC LIMIT 0,10' at line 1"
sqlState: "42000"
index: 0
sql: "SELECT * FROM role WHERE ORDER BY id DESC LIMIT 0,10"
name: "ER_PARSE_ERRORError"
pid: 22500
hostname: J9MO9BU01VTBF92

2021-01-29 13:03:09,461 ERROR 17572 [-/127.0.0.1/-/12ms POST /permission/listPermission] nodejs.ReferenceError: data is not defined
    at PermissionService.listPermission (C:\Users\Administrator\Desktop\demo_server\app\service\permission.js:32:22)
    at PermissionController.listPermission (C:\Users\Administrator\Desktop\demo_server\app\controller\permission.js:60:61)
    at Object.callFn (C:\Users\Administrator\Desktop\demo_server\node_modules\egg-core\lib\utils\index.js:44:21)
    at Object.classControllerMiddleware (C:\Users\Administrator\Desktop\demo_server\node_modules\egg-core\lib\loader\mixin\controller.js:87:20)
    at Object.callFn (C:\Users\Administrator\Desktop\demo_server\node_modules\@eggjs\router\lib\utils.js:12:21)
    at wrappedController (C:\Users\Administrator\Desktop\demo_server\node_modules\@eggjs\router\lib\egg_router.js:322:18)
    at dispatch (C:\Users\Administrator\Desktop\demo_server\node_modules\koa-compose\index.js:44:32)
    at next (C:\Users\Administrator\Desktop\demo_server\node_modules\koa-compose\index.js:45:18)
    at C:\Users\Administrator\Desktop\demo_server\node_modules\@eggjs\router\lib\router.js:190:18
    at dispatch (C:\Users\Administrator\Desktop\demo_server\node_modules\koa-compose\index.js:44:32)

pid: 17572
hostname: J9MO9BU01VTBF92

2021-01-29 13:15:54,308 WARN 18828 [-/127.0.0.1/-/13ms POST /user/add] nodejs.UnprocessableEntityError: Validation Failed
    at Object.throw (C:\Users\Administrator\Desktop\demo_server\node_modules\koa\lib\context.js:97:11)
    at Object.validate (C:\Users\Administrator\Desktop\demo_server\node_modules\egg-validate\app\extend\context.js:14:17)
    at UsreController.addUser (C:\Users\Administrator\Desktop\demo_server\app\controller\user.js:10:13)
    at Object.callFn (C:\Users\Administrator\Desktop\demo_server\node_modules\egg-core\lib\utils\index.js:44:21)
    at Object.classControllerMiddleware (C:\Users\Administrator\Desktop\demo_server\node_modules\egg-core\lib\loader\mixin\controller.js:87:20)
    at Object.callFn (C:\Users\Administrator\Desktop\demo_server\node_modules\@eggjs\router\lib\utils.js:12:21)
    at wrappedController (C:\Users\Administrator\Desktop\demo_server\node_modules\@eggjs\router\lib\egg_router.js:322:18)
    at dispatch (C:\Users\Administrator\Desktop\demo_server\node_modules\koa-compose\index.js:44:32)
    at next (C:\Users\Administrator\Desktop\demo_server\node_modules\koa-compose\index.js:45:18)
    at C:\Users\Administrator\Desktop\demo_server\node_modules\@eggjs\router\lib\router.js:190:18
message: "Validation Failed"
code: "invalid_param"
errors: [{"message":"required","field":"username","code":"missing_field"},{"message":"required","field":"password","code":"missing_field"}]
pid: 18828
hostname: J9MO9BU01VTBF92

2021-01-29 15:14:03,068 WARN 16772 [-/127.0.0.1/-/35ms POST /user/add] nodejs.UnprocessableEntityError: Validation Failed
    at Object.throw (C:\Users\Administrator\Desktop\demo_server\node_modules\koa\lib\context.js:97:11)
    at Object.validate (C:\Users\Administrator\Desktop\demo_server\node_modules\egg-validate\app\extend\context.js:14:17)
    at UsreController.addUser (C:\Users\Administrator\Desktop\demo_server\app\controller\user.js:11:13)
    at Object.callFn (C:\Users\Administrator\Desktop\demo_server\node_modules\egg-core\lib\utils\index.js:44:21)
    at Object.classControllerMiddleware (C:\Users\Administrator\Desktop\demo_server\node_modules\egg-core\lib\loader\mixin\controller.js:87:20)
    at Object.callFn (C:\Users\Administrator\Desktop\demo_server\node_modules\@eggjs\router\lib\utils.js:12:21)
    at wrappedController (C:\Users\Administrator\Desktop\demo_server\node_modules\@eggjs\router\lib\egg_router.js:322:18)
    at dispatch (C:\Users\Administrator\Desktop\demo_server\node_modules\koa-compose\index.js:44:32)
    at next (C:\Users\Administrator\Desktop\demo_server\node_modules\koa-compose\index.js:45:18)
    at C:\Users\Administrator\Desktop\demo_server\node_modules\@eggjs\router\lib\router.js:190:18
message: "Validation Failed"
code: "invalid_param"
errors: [{"message":"required","field":"roleIds","code":"missing_field"}]
pid: 16772
hostname: J9MO9BU01VTBF92

2021-01-29 15:19:47,902 ERROR 15576 [-/127.0.0.1/-/383ms POST /user/add] nodejs.ER_DUP_ENTRYError: ER_DUP_ENTRY: Duplicate entry 'shelly' for key 'idx_username'
    at Query.Sequence._packetToError (C:\Users\Administrator\Desktop\demo_server\node_modules\mysql\lib\protocol\sequences\Sequence.js:47:14)
    at Query.ErrorPacket (C:\Users\Administrator\Desktop\demo_server\node_modules\mysql\lib\protocol\sequences\Query.js:79:18)
    at Protocol._parsePacket (C:\Users\Administrator\Desktop\demo_server\node_modules\mysql\lib\protocol\Protocol.js:291:23)
    at Parser._parsePacket (C:\Users\Administrator\Desktop\demo_server\node_modules\mysql\lib\protocol\Parser.js:433:10)
    at Parser.write (C:\Users\Administrator\Desktop\demo_server\node_modules\mysql\lib\protocol\Parser.js:43:10)
    at Protocol.write (C:\Users\Administrator\Desktop\demo_server\node_modules\mysql\lib\protocol\Protocol.js:38:16)
    at Socket.<anonymous> (C:\Users\Administrator\Desktop\demo_server\node_modules\mysql\lib\Connection.js:88:28)
    at Socket.<anonymous> (C:\Users\Administrator\Desktop\demo_server\node_modules\mysql\lib\Connection.js:526:10)
    at Socket.emit (events.js:310:20)
    at addChunk (_stream_readable.js:286:12)
    --------------------
    at Pool.query (C:\Users\Administrator\Desktop\demo_server\node_modules\mysql\lib\Pool.js:199:23)
    at C:\Users\Administrator\Desktop\demo_server\node_modules\ali-rds\node_modules\pify\index.js:29:7
    at new Promise (<anonymous>)
    at Pool.<anonymous> (C:\Users\Administrator\Desktop\demo_server\node_modules\ali-rds\node_modules\pify\index.js:12:10)
    at Pool.ret [as query] (C:\Users\Administrator\Desktop\demo_server\node_modules\ali-rds\node_modules\pify\index.js:56:34)
    at RDSClient.proto._query (C:\Users\Administrator\Desktop\demo_server\node_modules\ali-rds\lib\client.js:38:20)
    at RDSClient.proto.query (C:\Users\Administrator\Desktop\demo_server\node_modules\ali-rds\lib\operator.js:54:29)
    at proto.query.next (<anonymous>)
    at onFulfilled (C:\Users\Administrator\Desktop\demo_server\node_modules\co\index.js:65:19)
    at C:\Users\Administrator\Desktop\demo_server\node_modules\co\index.js:54:5
    sql: INSERT INTO `user`(`password`, `username`) VALUES('4a3f9b909583a11cad1a00daf9106c10', 'shelly')
code: "ER_DUP_ENTRY"
errno: 1062
sqlMessage: "Duplicate entry 'shelly' for key 'idx_username'"
sqlState: "23000"
index: 0
sql: "INSERT INTO `user`(`password`, `username`) VALUES('4a3f9b909583a11cad1a00daf9106c10', 'shelly')"
name: "ER_DUP_ENTRYError"
pid: 15576
hostname: J9MO9BU01VTBF92

2021-01-29 15:55:38,997 ERROR 21324 [-/127.0.0.1/-/361ms POST /user/update] nodejs.ER_BAD_FIELD_ERRORError: ER_BAD_FIELD_ERROR: Unknown column 'username' in 'field list'
    at Query.Sequence._packetToError (C:\Users\Administrator\Desktop\demo_server\node_modules\mysql\lib\protocol\sequences\Sequence.js:47:14)
    at Query.ErrorPacket (C:\Users\Administrator\Desktop\demo_server\node_modules\mysql\lib\protocol\sequences\Query.js:79:18)
    at Protocol._parsePacket (C:\Users\Administrator\Desktop\demo_server\node_modules\mysql\lib\protocol\Protocol.js:291:23)
    at Parser._parsePacket (C:\Users\Administrator\Desktop\demo_server\node_modules\mysql\lib\protocol\Parser.js:433:10)
    at Parser.write (C:\Users\Administrator\Desktop\demo_server\node_modules\mysql\lib\protocol\Parser.js:43:10)
    at Protocol.write (C:\Users\Administrator\Desktop\demo_server\node_modules\mysql\lib\protocol\Protocol.js:38:16)
    at Socket.<anonymous> (C:\Users\Administrator\Desktop\demo_server\node_modules\mysql\lib\Connection.js:88:28)
    at Socket.<anonymous> (C:\Users\Administrator\Desktop\demo_server\node_modules\mysql\lib\Connection.js:526:10)
    at Socket.emit (events.js:310:20)
    at addChunk (_stream_readable.js:286:12)
    --------------------
    at Pool.query (C:\Users\Administrator\Desktop\demo_server\node_modules\mysql\lib\Pool.js:199:23)
    at C:\Users\Administrator\Desktop\demo_server\node_modules\ali-rds\node_modules\pify\index.js:29:7
    at new Promise (<anonymous>)
    at Pool.<anonymous> (C:\Users\Administrator\Desktop\demo_server\node_modules\ali-rds\node_modules\pify\index.js:12:10)
    at Pool.ret [as query] (C:\Users\Administrator\Desktop\demo_server\node_modules\ali-rds\node_modules\pify\index.js:56:34)
    at RDSClient.proto._query (C:\Users\Administrator\Desktop\demo_server\node_modules\ali-rds\lib\client.js:38:20)
    at RDSClient.proto.query (C:\Users\Administrator\Desktop\demo_server\node_modules\ali-rds\lib\operator.js:54:29)
    at proto.query.next (<anonymous>)
    at onFulfilled (C:\Users\Administrator\Desktop\demo_server\node_modules\co\index.js:65:19)
    at C:\Users\Administrator\Desktop\demo_server\node_modules\co\index.js:54:5
    sql: UPDATE `role` SET `id` = 2, `username` = 'jack1', `password` = '123456qwert3' WHERE `id` = 2
code: "ER_BAD_FIELD_ERROR"
errno: 1054
sqlMessage: "Unknown column 'username' in 'field list'"
sqlState: "42S22"
index: 0
sql: "UPDATE `role` SET `id` = 2, `username` = 'jack1', `password` = '123456qwert3' WHERE `id` = 2"
name: "ER_BAD_FIELD_ERRORError"
pid: 21324
hostname: J9MO9BU01VTBF92

2021-01-29 16:42:08,566 ERROR 13548 [-/127.0.0.1/-/12ms POST /user/list] nodejs.ReferenceError: data is not defined
    at UserService.listUser (C:\Users\Administrator\Desktop\demo_server\app\service\user.js:47:22)
    at UsreController.listUser (C:\Users\Administrator\Desktop\demo_server\app\controller\user.js:67:45)
    at Object.callFn (C:\Users\Administrator\Desktop\demo_server\node_modules\egg-core\lib\utils\index.js:44:21)
    at Object.classControllerMiddleware (C:\Users\Administrator\Desktop\demo_server\node_modules\egg-core\lib\loader\mixin\controller.js:87:20)
    at Object.callFn (C:\Users\Administrator\Desktop\demo_server\node_modules\@eggjs\router\lib\utils.js:12:21)
    at wrappedController (C:\Users\Administrator\Desktop\demo_server\node_modules\@eggjs\router\lib\egg_router.js:322:18)
    at dispatch (C:\Users\Administrator\Desktop\demo_server\node_modules\koa-compose\index.js:44:32)
    at next (C:\Users\Administrator\Desktop\demo_server\node_modules\koa-compose\index.js:45:18)
    at C:\Users\Administrator\Desktop\demo_server\node_modules\@eggjs\router\lib\router.js:190:18
    at dispatch (C:\Users\Administrator\Desktop\demo_server\node_modules\koa-compose\index.js:44:32)

pid: 13548
hostname: J9MO9BU01VTBF92

2021-01-29 16:42:19,460 ERROR 13548 [-/127.0.0.1/-/1ms POST /user/list] nodejs.ReferenceError: data is not defined
    at UserService.listUser (C:\Users\Administrator\Desktop\demo_server\app\service\user.js:47:22)
    at UsreController.listUser (C:\Users\Administrator\Desktop\demo_server\app\controller\user.js:67:45)
    at Object.callFn (C:\Users\Administrator\Desktop\demo_server\node_modules\egg-core\lib\utils\index.js:44:21)
    at Object.classControllerMiddleware (C:\Users\Administrator\Desktop\demo_server\node_modules\egg-core\lib\loader\mixin\controller.js:87:20)
    at Object.callFn (C:\Users\Administrator\Desktop\demo_server\node_modules\@eggjs\router\lib\utils.js:12:21)
    at wrappedController (C:\Users\Administrator\Desktop\demo_server\node_modules\@eggjs\router\lib\egg_router.js:322:18)
    at dispatch (C:\Users\Administrator\Desktop\demo_server\node_modules\koa-compose\index.js:44:32)
    at next (C:\Users\Administrator\Desktop\demo_server\node_modules\koa-compose\index.js:45:18)
    at C:\Users\Administrator\Desktop\demo_server\node_modules\@eggjs\router\lib\router.js:190:18
    at dispatch (C:\Users\Administrator\Desktop\demo_server\node_modules\koa-compose\index.js:44:32)

pid: 13548
hostname: J9MO9BU01VTBF92

